# JRE version: Java(TM) SE Runtime Environment (7.0_45-b18) (build 1.7.0_45-b18)
# Java VM: Java HotSpot(TM) 64-Bit Server VM (24.45-b08 mixed mode windows-amd64 compressed oops)
Heap
 PSYoungGen      total 68096K, used 50075K [0x00000000eb300000, 0x00000000f4a00000, 0x0000000100000000)
  eden space 65536K, 72% used [0x00000000eb300000,0x00000000ee16a330,0x00000000ef300000)
  from space 2560K, 99% used [0x00000000ef300000,0x00000000ef57caf8,0x00000000ef580000)
  to   space 11776K, 0% used [0x00000000f3e80000,0x00000000f3e80000,0x00000000f4a00000)
 ParOldGen       total 42496K, used 17636K [0x00000000c1a00000, 0x00000000c4380000, 0x00000000eb300000)
  object space 42496K, 41% used [0x00000000c1a00000,0x00000000c2b392c0,0x00000000c4380000)
 PSPermGen       total 29696K, used 29303K [0x00000000bc800000, 0x00000000be500000, 0x00000000c1a00000)
  object space 29696K, 98% used [0x00000000bc800000,0x00000000be49dfa0,0x00000000be500000)
GC Heap History (10 events):
Event: 0.406 GC heap before
{Heap before GC invocations=1 (full 0):
 PSYoungGen      total 18944K, used 16384K [0x00000000eb300000, 0x00000000ec800000, 0x0000000100000000)
  eden space 16384K, 100% used [0x00000000eb300000,0x00000000ec300000,0x00000000ec300000)
  from space 2560K, 0% used [0x00000000ec580000,0x00000000ec580000,0x00000000ec800000)
  to   space 2560K, 0% used [0x00000000ec300000,0x00000000ec300000,0x00000000ec580000)
 ParOldGen       total 42496K, used 0K [0x00000000c1a00000, 0x00000000c4380000, 0x00000000eb300000)
  object space 42496K, 0% used [0x00000000c1a00000,0x00000000c1a00000,0x00000000c4380000)
 PSPermGen       total 21504K, used 5880K [0x00000000bc800000, 0x00000000bdd00000, 0x00000000c1a00000)
  object space 21504K, 27% used [0x00000000bc800000,0x00000000bcdbe160,0x00000000bdd00000)
Event: 0.411 GC heap after
Heap after GC invocations=1 (full 0):
 PSYoungGen      total 18944K, used 2551K [0x00000000eb300000, 0x00000000ed800000, 0x0000000100000000)
  eden space 16384K, 0% used [0x00000000eb300000,0x00000000eb300000,0x00000000ec300000)
  from space 2560K, 99% used [0x00000000ec300000,0x00000000ec57dd38,0x00000000ec580000)
  to   space 2560K, 0% used [0x00000000ed580000,0x00000000ed580000,0x00000000ed800000)
 ParOldGen       total 42496K, used 387K [0x00000000c1a00000, 0x00000000c4380000, 0x00000000eb300000)
  object space 42496K, 0% used [0x00000000c1a00000,0x00000000c1a60cc0,0x00000000c4380000)
 PSPermGen       total 21504K, used 5880K [0x00000000bc800000, 0x00000000bdd00000, 0x00000000c1a00000)
  object space 21504K, 27% used [0x00000000bc800000,0x00000000bcdbe160,0x00000000bdd00000)
}
Event: 0.733 GC heap before
{Heap before GC invocations=2 (full 0):
 PSYoungGen      total 18944K, used 18935K [0x00000000eb300000, 0x00000000ed800000, 0x0000000100000000)
  eden space 16384K, 100% used [0x00000000eb300000,0x00000000ec300000,0x00000000ec300000)
  from space 2560K, 99% used [0x00000000ec300000,0x00000000ec57dd38,0x00000000ec580000)
  to   space 2560K, 0% used [0x00000000ed580000,0x00000000ed580000,0x00000000ed800000)
 ParOldGen       total 42496K, used 387K [0x00000000c1a00000, 0x00000000c4380000, 0x00000000eb300000)
  object space 42496K, 0% used [0x00000000c1a00000,0x00000000c1a60cc0,0x00000000c4380000)
 PSPermGen       total 21504K, used 10646K [0x00000000bc800000, 0x00000000bdd00000, 0x00000000c1a00000)
  object space 21504K, 49% used [0x00000000bc800000,0x00000000bd265868,0x00000000bdd00000)
Event: 0.737 GC heap after
Heap after GC invocations=2 (full 0):
 PSYoungGen      total 35328K, used 2536K [0x00000000eb300000, 0x00000000ed800000, 0x0000000100000000)
  eden space 32768K, 0% used [0x00000000eb300000,0x00000000eb300000,0x00000000ed300000)
  from space 2560K, 99% used [0x00000000ed580000,0x00000000ed7fa040,0x00000000ed800000)
  to   space 2560K, 0% used [0x00000000ed300000,0x00000000ed300000,0x00000000ed580000)
 ParOldGen       total 42496K, used 1337K [0x00000000c1a00000, 0x00000000c4380000, 0x00000000eb300000)
  object space 42496K, 3% used [0x00000000c1a00000,0x00000000c1b4e510,0x00000000c4380000)
 PSPermGen       total 21504K, used 10646K [0x00000000bc800000, 0x00000000bdd00000, 0x00000000c1a00000)
  object space 21504K, 49% used [0x00000000bc800000,0x00000000bd265868,0x00000000bdd00000)
}
Event: 1.079 GC heap before
{Heap before GC invocations=3 (full 0):
 PSYoungGen      total 35328K, used 35304K [0x00000000eb300000, 0x00000000ed800000, 0x0000000100000000)
  eden space 32768K, 100% used [0x00000000eb300000,0x00000000ed300000,0x00000000ed300000)
  from space 2560K, 99% used [0x00000000ed580000,0x00000000ed7fa040,0x00000000ed800000)
  to   space 2560K, 0% used [0x00000000ed300000,0x00000000ed300000,0x00000000ed580000)
 ParOldGen       total 42496K, used 1337K [0x00000000c1a00000, 0x00000000c4380000, 0x00000000eb300000)
  object space 42496K, 3% used [0x00000000c1a00000,0x00000000c1b4e510,0x00000000c4380000)
 PSPermGen       total 21504K, used 14856K [0x00000000bc800000, 0x00000000bdd00000, 0x00000000c1a00000)
  object space 21504K, 69% used [0x00000000bc800000,0x00000000bd682328,0x00000000bdd00000)
Event: 1.084 GC heap after
Heap after GC invocations=3 (full 0):
 PSYoungGen      total 35328K, used 2553K [0x00000000eb300000, 0x00000000ef800000, 0x0000000100000000)
  eden space 32768K, 0% used [0x00000000eb300000,0x00000000eb300000,0x00000000ed300000)
  from space 2560K, 99% used [0x00000000ed300000,0x00000000ed57e6c8,0x00000000ed580000)
  to   space 2560K, 0% used [0x00000000ef580000,0x00000000ef580000,0x00000000ef800000)
 ParOldGen       total 42496K, used 4307K [0x00000000c1a00000, 0x00000000c4380000, 0x00000000eb300000)
  object space 42496K, 10% used [0x00000000c1a00000,0x00000000c1e34ee0,0x00000000c4380000)
 PSPermGen       total 21504K, used 14856K [0x00000000bc800000, 0x00000000bdd00000, 0x00000000c1a00000)
  object space 21504K, 69% used [0x00000000bc800000,0x00000000bd682328,0x00000000bdd00000)
}
Event: 1.554 GC heap before
{Heap before GC invocations=4 (full 0):
 PSYoungGen      total 35328K, used 35321K [0x00000000eb300000, 0x00000000ef800000, 0x0000000100000000)
  eden space 32768K, 100% used [0x00000000eb300000,0x00000000ed300000,0x00000000ed300000)
  from space 2560K, 99% used [0x00000000ed300000,0x00000000ed57e6c8,0x00000000ed580000)
  to   space 2560K, 0% used [0x00000000ef580000,0x00000000ef580000,0x00000000ef800000)
 ParOldGen       total 42496K, used 4307K [0x00000000c1a00000, 0x00000000c4380000, 0x00000000eb300000)
  object space 42496K, 10% used [0x00000000c1a00000,0x00000000c1e34ee0,0x00000000c4380000)
 PSPermGen       total 21504K, used 20076K [0x00000000bc800000, 0x00000000bdd00000, 0x00000000c1a00000)
  object space 21504K, 93% used [0x00000000bc800000,0x00000000bdb9b3d8,0x00000000bdd00000)
Event: 1.563 GC heap after
Heap after GC invocations=4 (full 0):
 PSYoungGen      total 68096K, used 2537K [0x00000000eb300000, 0x00000000ef800000, 0x0000000100000000)
  eden space 65536K, 0% used [0x00000000eb300000,0x00000000eb300000,0x00000000ef300000)
  from space 2560K, 99% used [0x00000000ef580000,0x00000000ef7fa6f8,0x00000000ef800000)
  to   space 2560K, 0% used [0x00000000ef300000,0x00000000ef300000,0x00000000ef580000)
 ParOldGen       total 42496K, used 11736K [0x00000000c1a00000, 0x00000000c4380000, 0x00000000eb300000)
  object space 42496K, 27% used [0x00000000c1a00000,0x00000000c25763a8,0x00000000c4380000)
 PSPermGen       total 21504K, used 20076K [0x00000000bc800000, 0x00000000bdd00000, 0x00000000c1a00000)
  object space 21504K, 93% used [0x00000000bc800000,0x00000000bdb9b3d8,0x00000000bdd00000)
}
Event: 2.288 GC heap before
{Heap before GC invocations=5 (full 0):
 PSYoungGen      total 68096K, used 68073K [0x00000000eb300000, 0x00000000ef800000, 0x0000000100000000)
  eden space 65536K, 100% used [0x00000000eb300000,0x00000000ef300000,0x00000000ef300000)
  from space 2560K, 99% used [0x00000000ef580000,0x00000000ef7fa6f8,0x00000000ef800000)
  to   space 2560K, 0% used [0x00000000ef300000,0x00000000ef300000,0x00000000ef580000)
 ParOldGen       total 42496K, used 11736K [0x00000000c1a00000, 0x00000000c4380000, 0x00000000eb300000)
  object space 42496K, 27% used [0x00000000c1a00000,0x00000000c25763a8,0x00000000c4380000)
 PSPermGen       total 26112K, used 25870K [0x00000000bc800000, 0x00000000be180000, 0x00000000c1a00000)
  object space 26112K, 99% used [0x00000000bc800000,0x00000000be1439c0,0x00000000be180000)
Event: 2.299 GC heap after
Heap after GC invocations=5 (full 0):
 PSYoungGen      total 68096K, used 2546K [0x00000000eb300000, 0x00000000f4a00000, 0x0000000100000000)
  eden space 65536K, 0% used [0x00000000eb300000,0x00000000eb300000,0x00000000ef300000)
  from space 2560K, 99% used [0x00000000ef300000,0x00000000ef57caf8,0x00000000ef580000)
  to   space 11776K, 0% used [0x00000000f3e80000,0x00000000f3e80000,0x00000000f4a00000)
 ParOldGen       total 42496K, used 17636K [0x00000000c1a00000, 0x00000000c4380000, 0x00000000eb300000)
  object space 42496K, 41% used [0x00000000c1a00000,0x00000000c2b392c0,0x00000000c4380000)
 PSPermGen       total 26112K, used 25870K [0x00000000bc800000, 0x00000000be180000, 0x00000000c1a00000)
  object space 26112K, 99% used [0x00000000bc800000,0x00000000be1439c0,0x00000000be180000)
}

