# JRE version: Java(TM) SE Runtime Environment (7.0_45-b18) (build 1.7.0_45-b18)
# Java VM: Java HotSpot(TM) 64-Bit Server VM (24.45-b08 mixed mode windows-amd64 compressed oops)
Heap
 PSYoungGen      total 77824K, used 38464K [0x00000007d5c00000, 0x00000007db300000, 0x0000000800000000)
  eden space 66560K, 45% used [0x00000007d5c00000,0x00000007d79a1ab0,0x00000007d9d00000)
  from space 11264K, 72% used [0x00000007da800000,0x00000007dafee800,0x00000007db300000)
  to   space 11264K, 0% used [0x00000007d9d00000,0x00000007d9d00000,0x00000007da800000)
 ParOldGen       total 86528K, used 9757K [0x0000000781400000, 0x0000000786880000, 0x00000007d5c00000)
  object space 86528K, 11% used [0x0000000781400000,0x0000000781d87720,0x0000000786880000)
 PSPermGen       total 28672K, used 28553K [0x000000077c200000, 0x000000077de00000, 0x0000000781400000)
  object space 28672K, 99% used [0x000000077c200000,0x000000077dde27b8,0x000000077de00000)
GC Heap History (10 events):
Event: 2.601 GC heap before
{Heap before GC invocations=2 (full 0):
 PSYoungGen      total 38400K, used 38382K [0x00000007d5c00000, 0x00000007d8680000, 0x0000000800000000)
  eden space 33280K, 100% used [0x00000007d5c00000,0x00000007d7c80000,0x00000007d7c80000)
  from space 5120K, 99% used [0x00000007d7c80000,0x00000007d817b8d0,0x00000007d8180000)
  to   space 5120K, 0% used [0x00000007d8180000,0x00000007d8180000,0x00000007d8680000)
 ParOldGen       total 86528K, used 255K [0x0000000781400000, 0x0000000786880000, 0x00000007d5c00000)
  object space 86528K, 0% used [0x0000000781400000,0x000000078143ff30,0x0000000786880000)
 PSPermGen       total 21504K, used 14591K [0x000000077c200000, 0x000000077d700000, 0x0000000781400000)
  object space 21504K, 67% used [0x000000077c200000,0x000000077d03fd98,0x000000077d700000)
Event: 2.612 GC heap after
Heap after GC invocations=2 (full 0):
 PSYoungGen      total 38400K, used 5112K [0x00000007d5c00000, 0x00000007d8680000, 0x0000000800000000)
  eden space 33280K, 0% used [0x00000007d5c00000,0x00000007d5c00000,0x00000007d7c80000)
  from space 5120K, 99% used [0x00000007d8180000,0x00000007d867e3b0,0x00000007d8680000)
  to   space 5120K, 0% used [0x00000007d7c80000,0x00000007d7c80000,0x00000007d8180000)
 ParOldGen       total 86528K, used 821K [0x0000000781400000, 0x0000000786880000, 0x00000007d5c00000)
  object space 86528K, 0% used [0x0000000781400000,0x00000007814cd6a0,0x0000000786880000)
 PSPermGen       total 21504K, used 14591K [0x000000077c200000, 0x000000077d700000, 0x0000000781400000)
  object space 21504K, 67% used [0x000000077c200000,0x000000077d03fd98,0x000000077d700000)
}
Event: 3.630 GC heap before
{Heap before GC invocations=3 (full 0):
 PSYoungGen      total 38400K, used 38392K [0x00000007d5c00000, 0x00000007d8680000, 0x0000000800000000)
  eden space 33280K, 100% used [0x00000007d5c00000,0x00000007d7c80000,0x00000007d7c80000)
  from space 5120K, 99% used [0x00000007d8180000,0x00000007d867e3b0,0x00000007d8680000)
  to   space 5120K, 0% used [0x00000007d7c80000,0x00000007d7c80000,0x00000007d8180000)
 ParOldGen       total 86528K, used 821K [0x0000000781400000, 0x0000000786880000, 0x00000007d5c00000)
  object space 86528K, 0% used [0x0000000781400000,0x00000007814cd6a0,0x0000000786880000)
 PSPermGen       total 21504K, used 19853K [0x000000077c200000, 0x000000077d700000, 0x0000000781400000)
  object space 21504K, 92% used [0x000000077c200000,0x000000077d5634e0,0x000000077d700000)
Event: 3.640 GC heap after
Heap after GC invocations=3 (full 0):
 PSYoungGen      total 38400K, used 5114K [0x00000007d5c00000, 0x00000007d8680000, 0x0000000800000000)
  eden space 33280K, 0% used [0x00000007d5c00000,0x00000007d5c00000,0x00000007d7c80000)
  from space 5120K, 99% used [0x00000007d7c80000,0x00000007d817ea08,0x00000007d8180000)
  to   space 5120K, 0% used [0x00000007d8180000,0x00000007d8180000,0x00000007d8680000)
 ParOldGen       total 86528K, used 5898K [0x0000000781400000, 0x0000000786880000, 0x00000007d5c00000)
  object space 86528K, 6% used [0x0000000781400000,0x00000007819c2ae8,0x0000000786880000)
 PSPermGen       total 21504K, used 19853K [0x000000077c200000, 0x000000077d700000, 0x0000000781400000)
  object space 21504K, 92% used [0x000000077c200000,0x000000077d5634e0,0x000000077d700000)
}
Event: 4.345 GC heap before
{Heap before GC invocations=4 (full 0):
 PSYoungGen      total 38400K, used 38394K [0x00000007d5c00000, 0x00000007d8680000, 0x0000000800000000)
  eden space 33280K, 100% used [0x00000007d5c00000,0x00000007d7c80000,0x00000007d7c80000)
  from space 5120K, 99% used [0x00000007d7c80000,0x00000007d817ea08,0x00000007d8180000)
  to   space 5120K, 0% used [0x00000007d8180000,0x00000007d8180000,0x00000007d8680000)
 ParOldGen       total 86528K, used 5898K [0x0000000781400000, 0x0000000786880000, 0x00000007d5c00000)
  object space 86528K, 6% used [0x0000000781400000,0x00000007819c2ae8,0x0000000786880000)
 PSPermGen       total 21504K, used 21248K [0x000000077c200000, 0x000000077d700000, 0x0000000781400000)
  object space 21504K, 98% used [0x000000077c200000,0x000000077d6c0230,0x000000077d700000)
Event: 4.374 GC heap after
Heap after GC invocations=4 (full 0):
 PSYoungGen      total 38400K, used 5097K [0x00000007d5c00000, 0x00000007da700000, 0x0000000800000000)
  eden space 33280K, 0% used [0x00000007d5c00000,0x00000007d5c00000,0x00000007d7c80000)
  from space 5120K, 99% used [0x00000007d8180000,0x00000007d867a7b8,0x00000007d8680000)
  to   space 5120K, 0% used [0x00000007d7c80000,0x00000007d7c80000,0x00000007d8180000)
 ParOldGen       total 86528K, used 6082K [0x0000000781400000, 0x0000000786880000, 0x00000007d5c00000)
  object space 86528K, 7% used [0x0000000781400000,0x00000007819f0988,0x0000000786880000)
 PSPermGen       total 21504K, used 21248K [0x000000077c200000, 0x000000077d700000, 0x0000000781400000)
  object space 21504K, 98% used [0x000000077c200000,0x000000077d6c0230,0x000000077d700000)
}
Event: 5.431 GC heap before
{Heap before GC invocations=5 (full 0):
 PSYoungGen      total 38400K, used 38377K [0x00000007d5c00000, 0x00000007da700000, 0x0000000800000000)
  eden space 33280K, 100% used [0x00000007d5c00000,0x00000007d7c80000,0x00000007d7c80000)
  from space 5120K, 99% used [0x00000007d8180000,0x00000007d867a7b8,0x00000007d8680000)
  to   space 5120K, 0% used [0x00000007d7c80000,0x00000007d7c80000,0x00000007d8180000)
 ParOldGen       total 86528K, used 6082K [0x0000000781400000, 0x0000000786880000, 0x00000007d5c00000)
  object space 86528K, 7% used [0x0000000781400000,0x00000007819f0988,0x0000000786880000)
 PSPermGen       total 26112K, used 25614K [0x000000077c200000, 0x000000077db80000, 0x0000000781400000)
  object space 26112K, 98% used [0x000000077c200000,0x000000077db03a78,0x000000077db80000)
Event: 5.464 GC heap after
Heap after GC invocations=5 (full 0):
 PSYoungGen      total 38400K, used 5113K [0x00000007d5c00000, 0x00000007db300000, 0x0000000800000000)
  eden space 33280K, 0% used [0x00000007d5c00000,0x00000007d5c00000,0x00000007d7c80000)
  from space 5120K, 99% used [0x00000007d7c80000,0x00000007d817e788,0x00000007d8180000)
  to   space 11264K, 0% used [0x00000007da800000,0x00000007da800000,0x00000007db300000)
 ParOldGen       total 86528K, used 9749K [0x0000000781400000, 0x0000000786880000, 0x00000007d5c00000)
  object space 86528K, 11% used [0x0000000781400000,0x0000000781d85720,0x0000000786880000)
 PSPermGen       total 26112K, used 25614K [0x000000077c200000, 0x000000077db80000, 0x0000000781400000)
  object space 26112K, 98% used [0x000000077c200000,0x000000077db03a78,0x000000077db80000)
}
Event: 6.240 GC heap before
{Heap before GC invocations=6 (full 0):
 PSYoungGen      total 38400K, used 38393K [0x00000007d5c00000, 0x00000007db300000, 0x0000000800000000)
  eden space 33280K, 100% used [0x00000007d5c00000,0x00000007d7c80000,0x00000007d7c80000)
  from space 5120K, 99% used [0x00000007d7c80000,0x00000007d817e788,0x00000007d8180000)
  to   space 11264K, 0% used [0x00000007da800000,0x00000007da800000,0x00000007db300000)
 ParOldGen       total 86528K, used 9749K [0x0000000781400000, 0x0000000786880000, 0x00000007d5c00000)
  object space 86528K, 11% used [0x0000000781400000,0x0000000781d85720,0x0000000786880000)
 PSPermGen       total 27648K, used 27407K [0x000000077c200000, 0x000000077dd00000, 0x0000000781400000)
  object space 27648K, 99% used [0x000000077c200000,0x000000077dcc3ce8,0x000000077dd00000)
Event: 6.257 GC heap after
Heap after GC invocations=6 (full 0):
 PSYoungGen      total 77824K, used 8122K [0x00000007d5c00000, 0x00000007db300000, 0x0000000800000000)
  eden space 66560K, 0% used [0x00000007d5c00000,0x00000007d5c00000,0x00000007d9d00000)
  from space 11264K, 72% used [0x00000007da800000,0x00000007dafee800,0x00000007db300000)
  to   space 11264K, 0% used [0x00000007d9d00000,0x00000007d9d00000,0x00000007da800000)
 ParOldGen       total 86528K, used 9757K [0x0000000781400000, 0x0000000786880000, 0x00000007d5c00000)
  object space 86528K, 11% used [0x0000000781400000,0x0000000781d87720,0x0000000786880000)
 PSPermGen       total 27648K, used 27407K [0x000000077c200000, 0x000000077dd00000, 0x0000000781400000)
  object space 27648K, 99% used [0x000000077c200000,0x000000077dcc3ce8,0x000000077dd00000)
}

